Using pre-set license
Built from '2021.1/release' branch; Version is '2021.1.10f1 (b15f561b2cef) revision 11624278'; Using compiler version '192528614'; Build Type 'Release'
OS: 'Windows 10 Pro; OS build 19042.1165; Version 2009; 64bit' Language: 'ru' Physical Memory: 16300 MB
BatchMode: 1, IsHumanControllingUs: 0, StartBugReporterOnCrash: 0, Is64bit: 1, IsPro: 0

 COMMAND LINE ARGUMENTS:
C:\Program Files\Unity 2021.1.10f1\Editor\Unity.exe
-adb2
-batchMode
-noUpm
-name
AssetImportWorker0
-projectPath
D:/Game4school
-logFile
Logs/AssetImportWorker0.log
-srvPort
60127
Successfully changed project path to: D:/Game4school
D:/Game4school
Using Asset Import Pipeline V2.
Refreshing native plugins compatible for Editor in 85.66 ms, found 3 plugins.
Preloading 0 native plugins for Editor in 0.00 ms.
Initialize engine version: 2021.1.10f1 (b15f561b2cef)
[Subsystems] Discovering subsystems at path C:/Program Files/Unity 2021.1.10f1/Editor/Data/Resources/UnitySubsystems
[Subsystems] Discovering subsystems at path D:/Game4school/Assets
GfxDevice: creating device client; threaded=0; jobified=0
Direct3D:
    Version:  Direct3D 11.0 [level 11.1]
    Renderer: NVIDIA GeForce GTX 1050 Ti (ID=0x1c82)
    Vendor:   NVIDIA
    VRAM:     4018 MB
    Driver:   27.21.14.5671
Initialize mono
Mono path[0] = 'C:/Program Files/Unity 2021.1.10f1/Editor/Data/Managed'
Mono path[1] = 'C:/Program Files/Unity 2021.1.10f1/Editor/Data/MonoBleedingEdge/lib/mono/unityjit'
Mono config path = 'C:/Program Files/Unity 2021.1.10f1/Editor/Data/MonoBleedingEdge/etc'
Using monoOptions --debugger-agent=transport=dt_socket,embedding=1,server=y,suspend=n,address=127.0.0.1:56188
Begin MonoManager ReloadAssembly
Registering precompiled unity dll's ...
Register platform support module: C:/Program Files/Unity 2021.1.10f1/Editor/Data/PlaybackEngines/WebGLSupport/UnityEditor.WebGL.Extensions.dll
Register platform support module: C:/Program Files/Unity 2021.1.10f1/Editor/Data/PlaybackEngines/WindowsStandaloneSupport/UnityEditor.WindowsStandalone.Extensions.dll
Registered in 0.002807 seconds.
Native extension for WindowsStandalone target not found
Native extension for WebGL target not found
Refreshing native plugins compatible for Editor in 83.59 ms, found 3 plugins.
Preloading 0 native plugins for Editor in 0.00 ms.
Mono: successfully reloaded assembly
- Completed reload, in  1.547 seconds
Domain Reload Profiling:
	ReloadAssembly (1547ms)
		BeginReloadAssembly (67ms)
			ExecutionOrderSort (0ms)
			DisableScriptedObjects (0ms)
			BackupInstance (0ms)
			ReleaseScriptingObjects (0ms)
			CreateAndSetChildDomain (1ms)
		EndReloadAssembly (539ms)
			LoadAssemblies (64ms)
			RebuildTransferFunctionScriptingTraits (0ms)
			SetupTypeCache (203ms)
			ReleaseScriptCaches (0ms)
			RebuildScriptCaches (35ms)
			SetupLoadedEditorAssemblies (247ms)
				LogAssemblyErrors (0ms)
				InitializePlatformSupportModulesInManaged (7ms)
				SetLoadedEditorAssemblies (0ms)
				RefreshPlugins (84ms)
				BeforeProcessingInitializeOnLoad (1ms)
				ProcessInitializeOnLoadAttributes (118ms)
				ProcessInitializeOnLoadMethodAttributes (36ms)
				AfterProcessingInitializeOnLoad (0ms)
				EditorAssembliesLoaded (0ms)
			ExecutionOrderSort2 (0ms)
			AwakeInstancesAfterBackupRestoration (0ms)
Platform modules already initialized, skipping
Registering precompiled user dll's ...
Registered in 0.004790 seconds.
Begin MonoManager ReloadAssembly
Symbol file LoadedFromMemory doesn't match image D:\Game4school\Library\PackageCache\com.unity.visualscripting@1.6.1\Editor\VisualScripting.Core\Dependencies\YamlDotNet\Unity.VisualScripting.YamlDotNet.dll
Symbol file LoadedFromMemory doesn't match image D:\Game4school\Library\PackageCache\com.unity.visualscripting@1.6.1\Editor\VisualScripting.Core\Dependencies\DotNetZip\Unity.VisualScripting.IonicZip.dll
Native extension for WindowsStandalone target not found
Native extension for WebGL target not found
Refreshing native plugins compatible for Editor in 0.57 ms, found 3 plugins.
Preloading 0 native plugins for Editor in 0.00 ms.
Mono: successfully reloaded assembly
- Completed reload, in  1.314 seconds
Domain Reload Profiling:
	ReloadAssembly (1315ms)
		BeginReloadAssembly (186ms)
			ExecutionOrderSort (0ms)
			DisableScriptedObjects (6ms)
			BackupInstance (0ms)
			ReleaseScriptingObjects (0ms)
			CreateAndSetChildDomain (24ms)
		EndReloadAssembly (1054ms)
			LoadAssemblies (106ms)
			RebuildTransferFunctionScriptingTraits (0ms)
			SetupTypeCache (407ms)
			ReleaseScriptCaches (1ms)
			RebuildScriptCaches (52ms)
			SetupLoadedEditorAssemblies (383ms)
				LogAssemblyErrors (0ms)
				InitializePlatformSupportModulesInManaged (7ms)
				SetLoadedEditorAssemblies (0ms)
				RefreshPlugins (1ms)
				BeforeProcessingInitializeOnLoad (80ms)
				ProcessInitializeOnLoadAttributes (282ms)
				ProcessInitializeOnLoadMethodAttributes (5ms)
				AfterProcessingInitializeOnLoad (8ms)
				EditorAssembliesLoaded (0ms)
			ExecutionOrderSort2 (0ms)
			AwakeInstancesAfterBackupRestoration (8ms)
Platform modules already initialized, skipping
========================================================================
Worker process is ready to serve import requests
Launched and connected shader compiler UnityShaderCompiler.exe after 0.06 seconds
Refreshing native plugins compatible for Editor in 0.58 ms, found 3 plugins.
Preloading 0 native plugins for Editor in 0.00 ms.
Unloading 2937 Unused Serialized files (Serialized files now loaded: 0)
System memory in use before: 105.6 MB.
System memory in use after: 105.8 MB.

Unloading 23 unused Assets to reduce memory usage. Loaded Objects now: 3381.
Total: 2.868900 ms (FindLiveObjects: 0.228900 ms CreateObjectMapping: 0.146000 ms MarkObjects: 2.356700 ms  DeleteObjects: 0.136300 ms)

AssetImportParameters requested are different than current active one (requested -> active):
  custom:framework-win-MediaFoundation: 216162199b28c13a410421893ffa2e32 -> 
  custom:video-decoder-ogg-theora: a1e56fd34408186e4bbccfd4996cb3dc -> 
  custom:container-muxer-webm: aa71ff27fc2769a1b78a27578f13a17b -> 
  custom:container-demuxer-webm: 4f35f7cbe854078d1ac9338744f61a02 -> 
  custom:container-demuxer-ogg: 62fdf1f143b41e24485cea50d1cbac27 -> 
  custom:video-encoder-webm-vp8: eb34c28f22e8b96e1ab97ce403110664 -> 
  custom:video-decoder-webm-vp8: 9c59270c3fd7afecdb556c50c9e8de78 -> 
  custom:audio-decoder-ogg-vorbis: bf7c407c2cedff20999df2af8eb42d56 -> 
  custom:audio-encoder-webm-vorbis: bf7c407c2cedff20999df2af8eb42d56 -> 
========================================================================
Received Import Request.
  path: Assets
  artifactKey: Guid(00000000000000001000000000000000) Importer(815301076,1909f56bfc062723c751e8b465ee728b)
Start importing Assets using Guid(00000000000000001000000000000000) Importer(815301076,1909f56bfc062723c751e8b465ee728b)  -> (artifact id: '42d402b061de3733987d63b9cc3b64de') in 0.010843 seconds 
========================================================================
Received Import Request.
  Time since last request: 6.084485 seconds.
  path: Assets/2D
  artifactKey: Guid(cc1618fb961ec2e428fecc16081605f8) Importer(815301076,1909f56bfc062723c751e8b465ee728b)
Start importing Assets/2D using Guid(cc1618fb961ec2e428fecc16081605f8) Importer(815301076,1909f56bfc062723c751e8b465ee728b)  -> (artifact id: 'b7fa4b716377b106ba4f2d5324f9b062') in 0.010491 seconds 
========================================================================
Received Import Request.
  Time since last request: 9.526188 seconds.
  path: Assets/2D/3D
  artifactKey: Guid(0dfe24cd75f1c40488a442eb889a34d4) Importer(815301076,1909f56bfc062723c751e8b465ee728b)
Start importing Assets/2D/3D using Guid(0dfe24cd75f1c40488a442eb889a34d4) Importer(815301076,1909f56bfc062723c751e8b465ee728b)  -> (artifact id: 'c646eae5d18e1c1b5af950ab282097de') in 0.011088 seconds 
========================================================================
Received Import Request.
  Time since last request: 15.866029 seconds.
  path: Assets/3D
  artifactKey: Guid(0b0f6e18c2456a6468151e5aa16ea80e) Importer(815301076,1909f56bfc062723c751e8b465ee728b)
Start importing Assets/3D using Guid(0b0f6e18c2456a6468151e5aa16ea80e) Importer(815301076,1909f56bfc062723c751e8b465ee728b)  -> (artifact id: 'd8bdccaadaa14401e5c7f24e5fbe85b0') in 0.005955 seconds 
========================================================================
Received Import Request.
  Time since last request: 5.863682 seconds.
  path: Assets/3D/New Folder
  artifactKey: Guid(62b35160cd31c9b47a041d5b1c279001) Importer(815301076,1909f56bfc062723c751e8b465ee728b)
Start importing Assets/3D/New Folder using Guid(62b35160cd31c9b47a041d5b1c279001) Importer(815301076,1909f56bfc062723c751e8b465ee728b)  -> (artifact id: '927fd6d57a1867e6dacf5d92a7414570') in 0.009012 seconds 
========================================================================
Received Import Request.
  Time since last request: 19.813588 seconds.
  path: Assets/Scripts
  artifactKey: Guid(320f519b342d82a40a3478c811313830) Importer(815301076,1909f56bfc062723c751e8b465ee728b)
Start importing Assets/Scripts using Guid(320f519b342d82a40a3478c811313830) Importer(815301076,1909f56bfc062723c751e8b465ee728b)  -> (artifact id: 'e3abfeef2d15cc244e379e7a2026fa44') in 0.008518 seconds 
========================================================================
Received Import Request.
  Time since last request: 22.262032 seconds.
  path: Assets/Prefabs
  artifactKey: Guid(76fbfb2c2b3002343a7f737a0ebfc312) Importer(815301076,1909f56bfc062723c751e8b465ee728b)
Start importing Assets/Prefabs using Guid(76fbfb2c2b3002343a7f737a0ebfc312) Importer(815301076,1909f56bfc062723c751e8b465ee728b)  -> (artifact id: 'd03cfeac86029496b376818b432a5d1a') in 0.007215 seconds 
========================================================================
Received Import Request.
  Time since last request: 11.158574 seconds.
  path: Assets/Tasks
  artifactKey: Guid(94f1d037a9017b1408d2a741ce091077) Importer(815301076,1909f56bfc062723c751e8b465ee728b)
Start importing Assets/Tasks using Guid(94f1d037a9017b1408d2a741ce091077) Importer(815301076,1909f56bfc062723c751e8b465ee728b)  -> (artifact id: 'a68221365e812068f3821747b90195e3') in 0.008335 seconds 
========================================================================
Received Import Request.
  Time since last request: 34.774572 seconds.
  path: Assets/Prototype
  artifactKey: Guid(cc52af2f2af4d794a8fdcf6e445aea1f) Importer(815301076,1909f56bfc062723c751e8b465ee728b)
Start importing Assets/Prototype using Guid(cc52af2f2af4d794a8fdcf6e445aea1f) Importer(815301076,1909f56bfc062723c751e8b465ee728b)  -> (artifact id: 'e086e5feb774d91efcbbc01a8ead6bc1') in 0.008843 seconds 
========================================================================
Received Import Request.
  Time since last request: 28.989247 seconds.
  path: Assets/Scenes
  artifactKey: Guid(279205191955e5942984640129c29d6b) Importer(815301076,1909f56bfc062723c751e8b465ee728b)
Start importing Assets/Scenes using Guid(279205191955e5942984640129c29d6b) Importer(815301076,1909f56bfc062723c751e8b465ee728b)  -> (artifact id: 'af30dd05d9a5de96d88e16aa01819f45') in 0.029659 seconds 
========================================================================
Received Import Request.
  Time since last request: 1.421498 seconds.
  path: Assets/Scenes/test_02.unity
  artifactKey: Guid(e44aab28faab6bf40b288395c6f74eec) Importer(815301076,1909f56bfc062723c751e8b465ee728b)
Start importing Assets/Scenes/test_02.unity using Guid(e44aab28faab6bf40b288395c6f74eec) Importer(815301076,1909f56bfc062723c751e8b465ee728b)  -> (artifact id: 'a670d1472c148817fb43039e31d68d87') in 0.019122 seconds 
AssetImportWorkerClient::OnTransportError - code=2 error=End of file
